[2014-09-27 23:24:24] START
[2014-09-28 00:33:41] EDIT Garbage_Truck/models/db.py: 37
[2014-09-28 00:34:05] EDIT Garbage_Truck/models/db.py: 0
[2014-09-28 00:35:09] EDIT Garbage_Truck/models/db.py: -1
[2014-09-28 00:36:35] EDIT Garbage_Truck/models/db.py: 4
[2014-09-28 00:37:51] EDIT Garbage_Truck/models/db.py: 0
[2014-09-28 00:38:14] EDIT Garbage_Truck/models/db.py: 0
[2014-09-28 00:38:52] EDIT Garbage_Truck/models/db.py: 0
[2014-09-28 00:39:22] EDIT Garbage_Truck/models/db.py: 0
[2014-09-28 00:39:57] EDIT Garbage_Truck/models/db.py: 0
[2014-09-28 00:41:13] EDIT Garbage_Truck/models/db.py: 0
[2014-09-28 00:41:32] EDIT Garbage_Truck/models/db.py: 0
[2014-09-28 00:42:29] EDIT Garbage_Truck/models/db.py: 0
[2014-09-28 00:43:10] EDIT Garbage_Truck/models/db.py: 0
[2014-09-28 00:44:11] EDIT Garbage_Truck/models/db.py: 0
[2014-09-28 00:48:20] EDIT Garbage_Truck/controllers/default.py: 1
[2014-09-28 00:59:15] EDIT Garbage_Truck/views/default/index.html: -29
[2014-09-28 01:01:05] EDIT Garbage_Truck/models/db.py: 0
[2014-09-28 01:02:08] EDIT Garbage_Truck/views/default/index.html: -1
[2014-09-28 01:10:28] EDIT Garbage_Truck/views/default/index.html: 3
[2014-09-28 01:11:00] EDIT Garbage_Truck/controllers/default.py: 0
[2014-09-28 01:11:36] EDIT Garbage_Truck/views/default/index.html: 0
[2014-09-28 01:11:59] EDIT Garbage_Truck/views/default/index.html: 0
[2014-09-28 01:12:11] EDIT Garbage_Truck/views/default/index.html: 0
[2014-09-28 01:13:07] CREATE default/worker_report.html: 0
[2014-09-28 01:15:37] EDIT Garbage_Truck/views/default/worker_report.html: 0
[2014-09-28 01:15:50] EDIT Garbage_Truck/views/default/index.html: 0
[2014-09-28 01:15:54] EDIT Garbage_Truck/views/default/worker_report.html: 0
[2014-09-28 01:16:00] EDIT Garbage_Truck/controllers/default.py: 2
[2014-09-28 01:18:53] CREATE default/report_absent.html: 0
[2014-09-28 01:19:47] EDIT Garbage_Truck/views/default/worker_report.html: 0
[2014-09-28 01:20:32] EDIT Garbage_Truck/models/db.py: 0
[2014-09-28 01:21:22] EDIT Garbage_Truck/controllers/default.py: 3
[2014-09-28 01:21:47] EDIT Garbage_Truck/controllers/default.py: 0
[2014-09-28 01:21:52] EDIT Garbage_Truck/models/db.py: 0
[2014-09-28 01:23:11] EDIT Garbage_Truck/models/db.py: 0
[2014-09-28 01:23:32] EDIT Garbage_Truck/models/db.py: 0
[2014-09-28 01:23:44] EDIT Garbage_Truck/models/db.py: 0
[2014-09-28 01:37:59] EDIT Garbage_Truck/models/db.py: 0
[2014-09-28 01:38:06] EDIT Garbage_Truck/models/db.py: 0
[2014-09-28 01:39:55] DELETE Garbage_Truck/views/default/report_absent.html: -3
[2014-09-28 01:40:09] CREATE default/report_absence.html: 0
[2014-09-28 01:40:21] EDIT Garbage_Truck/views/default/report_absence.html: -1
[2014-09-28 01:40:39] EDIT Garbage_Truck/models/db.py: 0
[2014-09-28 01:44:36] EDIT Garbage_Truck/models/db.py: 0
[2014-09-28 01:49:14] EDIT Garbage_Truck/models/db.py: 0
[2014-09-28 01:49:24] EDIT Garbage_Truck/controllers/default.py: 3
[2014-09-28 01:51:49] CREATE default/rate_presence.html: 0
[2014-09-28 01:51:59] EDIT Garbage_Truck/views/default/rate_presence.html: -1
[2014-09-28 01:52:32] EDIT Garbage_Truck/models/db.py: 0
[2014-09-28 02:01:16] EDIT Garbage_Truck/models/db.py: 0
[2014-09-28 02:01:30] EDIT Garbage_Truck/controllers/default.py: 3
[2014-09-28 02:04:15] EDIT Garbage_Truck/models/db.py: 0
[2014-09-28 02:04:27] EDIT Garbage_Truck/controllers/default.py: 3
[2014-09-28 02:05:05] CREATE default/request_urgent.html: 0
[2014-09-28 02:05:13] EDIT Garbage_Truck/views/default/request_urgent.html: -1
[2014-09-28 02:05:30] CREATE default/request_reservior.html: 0
[2014-09-28 02:05:46] EDIT Garbage_Truck/views/default/request_reservior.html: -1
[2014-09-28 02:08:13] EDIT Garbage_Truck/models/db.py: 0
[2014-09-28 02:08:43] EDIT Garbage_Truck/models/db.py: 0
[2014-09-28 02:09:34] EDIT Garbage_Truck/models/db.py: 0
[2014-09-28 02:14:42] EDIT Garbage_Truck/controllers/default.py: 28
[2014-09-28 02:16:01] EDIT Garbage_Truck/controllers/default.py: 0
[2014-09-28 02:42:42] EDIT Garbage_Truck/controllers/default.py: 12
[2014-09-28 02:43:06] EDIT Garbage_Truck/controllers/default.py: 2
[2014-09-28 02:46:55] EDIT Garbage_Truck/models/db.py: 0
[2014-09-28 02:56:42] EDIT Garbage_Truck/controllers/default.py: 2
[2014-09-28 02:58:49] CREATE default/ghmc_official.html: 0
[2014-09-28 03:05:29] EDIT Garbage_Truck/controllers/default.py: 12
[2014-09-28 03:07:04] EDIT Garbage_Truck/views/default/ghmc_official.html: 3
[2014-09-28 03:07:48] EDIT Garbage_Truck/views/default/ghmc_official.html: 0
[2014-09-28 03:08:22] CREATE default/absence_view.html: 0
[2014-09-28 03:08:46] CREATE default/request_urgent_view.html: 0
[2014-09-28 03:09:04] CREATE default/request_reservior_view.html: 0
[2014-09-28 09:53:03] EDIT Garbage_Truck/models/db.py: 3
[2014-09-28 09:56:42] EDIT Garbage_Truck/views/default/ghmc_official.html: 1
[2014-09-28 10:30:15] EDIT Garbage_Truck/controllers/default.py: 10
[2014-09-28 10:31:18] EDIT Garbage_Truck/controllers/default.py: 0
[2014-09-28 10:31:35] EDIT Garbage_Truck/controllers/default.py: 0
[2014-09-28 10:37:35] EDIT Garbage_Truck/controllers/default.py: 0
[2014-09-28 10:49:04] EDIT Garbage_Truck/views/default/absence_view.html: 8
[2014-09-28 11:03:48] EDIT Garbage_Truck/controllers/default.py: 1
[2014-09-28 11:05:10] EDIT Garbage_Truck/controllers/default.py: 0
[2014-09-28 11:05:51] CREATE default/presence_view.html: 0
[2014-09-28 11:14:06] EDIT Garbage_Truck/views/default/presence_view.html: 8
[2014-09-28 11:14:19] EDIT Garbage_Truck/views/default/presence_view.html: 0
[2014-09-28 11:16:25] EDIT Garbage_Truck/models/db.py: 1
[2014-09-28 11:18:20] EDIT Garbage_Truck/models/db.py: 0
[2014-09-28 11:23:37] EDIT Garbage_Truck/controllers/default.py: 8
[2014-09-28 11:23:45] EDIT Garbage_Truck/controllers/default.py: 0
[2014-09-28 11:24:51] EDIT Garbage_Truck/views/default/request_urgent_view.html: 9
[2014-09-28 11:25:17] EDIT Garbage_Truck/controllers/default.py: 0
[2014-09-28 11:26:05] EDIT Garbage_Truck/controllers/default.py: 0
[2014-09-28 11:26:23] EDIT Garbage_Truck/controllers/default.py: 0
[2014-09-28 11:26:33] EDIT Garbage_Truck/controllers/default.py: 0
[2014-09-28 11:29:15] EDIT Garbage_Truck/controllers/default.py: 0
[2014-09-28 11:30:09] EDIT Garbage_Truck/views/default/request_urgent_view.html: 0
[2014-09-28 11:30:34] EDIT Garbage_Truck/views/default/absence_view.html: 0
[2014-09-28 11:31:26] EDIT Garbage_Truck/controllers/default.py: 0
[2014-09-28 11:31:56] EDIT Garbage_Truck/controllers/default.py: 0
[2014-09-28 11:32:19] EDIT Garbage_Truck/views/default/request_urgent_view.html: 0
[2014-09-28 11:32:34] EDIT Garbage_Truck/views/default/request_urgent_view.html: 0
[2014-09-28 11:32:44] EDIT Garbage_Truck/views/default/request_urgent_view.html: 0
[2014-09-28 11:33:18] EDIT Garbage_Truck/views/default/request_urgent_view.html: 1
[2014-09-28 11:49:40] EDIT Garbage_Truck/controllers/default.py: 8
[2014-09-28 11:51:03] EDIT Garbage_Truck/controllers/default.py: 0
[2014-09-28 11:53:36] EDIT Garbage_Truck/controllers/default.py: 0
[2014-09-28 11:58:35] EDIT Garbage_Truck/models/db.py: 0
[2014-09-28 12:07:22] EDIT Garbage_Truck/views/default/request_reservior_view.html: 24
[2014-09-28 12:08:05] EDIT Garbage_Truck/views/default/request_reservior_view.html: 0
[2014-09-28 12:15:54] EDIT Garbage_Truck/controllers/default.py: 21
[2014-09-28 12:16:14] CREATE default/edit_status.html: 0
[2014-09-28 12:16:24] EDIT Garbage_Truck/views/default/edit_status.html: -1
[2014-09-28 12:16:55] EDIT Garbage_Truck/controllers/default.py: 0
[2014-09-28 12:17:21] EDIT Garbage_Truck/controllers/default.py: 0
[2014-09-28 12:18:16] EDIT Garbage_Truck/views/default/request_reservior_view.html: 0
[2014-09-28 12:35:28] EDIT Garbage_Truck/controllers/default.py: 1
[2014-09-28 12:39:10] EDIT Garbage_Truck/controllers/default.py: 2
[2014-09-28 12:41:53] EDIT Garbage_Truck/controllers/default.py: 0
[2014-09-28 12:46:24] EDIT Garbage_Truck/controllers/default.py: 2
[2014-09-28 12:49:53] EDIT Garbage_Truck/controllers/default.py: 1
[2014-09-28 12:51:01] EDIT Garbage_Truck/views/default/presence_view.html: 1
[2014-09-28 12:51:12] EDIT Garbage_Truck/views/default/presence_view.html: -1
[2014-09-28 12:51:31] EDIT Garbage_Truck/controllers/default.py: 0
[2014-09-28 12:52:10] EDIT Garbage_Truck/controllers/default.py: 0
[2014-09-28 12:52:22] EDIT Garbage_Truck/views/default/presence_view.html: 1
[2014-09-28 12:52:45] EDIT Garbage_Truck/views/default/presence_view.html: 0
[2014-09-28 12:53:01] EDIT Garbage_Truck/controllers/default.py: -1
[2014-09-28 12:53:14] EDIT Garbage_Truck/views/default/presence_view.html: 0
[2014-09-28 12:53:39] EDIT Garbage_Truck/views/default/presence_view.html: 0
[2014-09-28 12:54:03] EDIT Garbage_Truck/views/default/presence_view.html: 1
[2014-09-28 12:54:14] EDIT Garbage_Truck/views/default/presence_view.html: -2
[2014-09-28 12:59:07] EDIT Garbage_Truck/controllers/default.py: 0
[2014-09-28 12:59:46] EDIT Garbage_Truck/controllers/default.py: 0
[2014-09-28 13:04:48] EDIT Garbage_Truck/controllers/default.py: 0
[2014-09-28 13:05:16] EDIT Garbage_Truck/views/default/presence_view.html: 0
[2014-09-28 13:05:50] EDIT Garbage_Truck/controllers/default.py: 0
[2014-09-28 13:06:06] EDIT Garbage_Truck/controllers/default.py: 0
[2014-09-28 13:07:40] EDIT Garbage_Truck/models/db.py: 0
[2014-09-28 13:08:39] EDIT Garbage_Truck/controllers/default.py: 0
[2014-09-28 13:08:51] EDIT Garbage_Truck/controllers/default.py: 0
[2014-09-28 13:09:04] EDIT Garbage_Truck/controllers/default.py: 0
[2014-09-28 13:09:41] EDIT Garbage_Truck/controllers/default.py: 0
[2014-09-28 13:10:01] EDIT Garbage_Truck/controllers/default.py: 0
[2014-09-28 13:10:03] EDIT Garbage_Truck/controllers/default.py: 0
[2014-09-28 13:10:33] EDIT Garbage_Truck/views/default/request_reservior_view.html: 2
[2014-09-28 13:10:58] EDIT Garbage_Truck/views/default/request_reservior_view.html: 0
[2014-09-28 13:11:24] EDIT Garbage_Truck/views/default/request_reservior_view.html: 0
[2014-09-28 13:11:28] EDIT Garbage_Truck/views/default/request_reservior_view.html: 0
[2014-09-28 13:11:59] EDIT Garbage_Truck/controllers/default.py: 1
[2014-09-28 13:12:27] EDIT Garbage_Truck/models/db.py: 0
[2014-09-28 13:12:28] EDIT Garbage_Truck/controllers/default.py: 0
[2014-09-28 13:12:29] EDIT Garbage_Truck/views/default/request_reservior_view.html: 0
[2014-09-28 13:16:20] EDIT Garbage_Truck/controllers/default.py: 0
[2014-09-28 13:16:57] EDIT Garbage_Truck/controllers/default.py: 0
[2014-09-28 13:17:15] EDIT Garbage_Truck/controllers/default.py: 0
[2014-09-28 13:17:30] EDIT Garbage_Truck/controllers/default.py: 0
[2014-09-28 13:17:52] EDIT Garbage_Truck/controllers/default.py: 1
[2014-09-28 13:17:58] EDIT Garbage_Truck/controllers/default.py: 0
[2014-09-28 13:18:04] EDIT Garbage_Truck/controllers/default.py: 0
[2014-09-28 13:18:11] EDIT Garbage_Truck/controllers/default.py: 0
[2014-09-28 13:18:25] EDIT Garbage_Truck/controllers/default.py: 0
[2014-09-28 13:18:46] EDIT Garbage_Truck/controllers/default.py: 0
[2014-09-28 13:30:36] EDIT Garbage_Truck/controllers/default.py: 4
[2014-09-28 13:30:54] EDIT Garbage_Truck/controllers/default.py: 0
[2014-09-28 13:31:04] CREATE default/view_requests_col.html: 0
[2014-09-28 13:35:12] EDIT Garbage_Truck/views/default/view_requests_col.html: 3
[2014-09-28 13:36:46] EDIT Garbage_Truck/views/default/view_requests_col.html: 13
[2014-09-28 13:36:56] EDIT Garbage_Truck/views/default/view_requests_col.html: 0
[2014-09-28 13:38:16] EDIT Garbage_Truck/views/default/view_requests_col.html: 0
[2014-09-28 13:38:28] EDIT Garbage_Truck/views/default/view_requests_col.html: 2
[2014-09-28 13:38:47] EDIT Garbage_Truck/views/default/view_requests_col.html: 0
[2014-09-28 13:39:14] EDIT Garbage_Truck/views/default/view_requests_col.html: 1
[2014-09-28 13:39:25] EDIT Garbage_Truck/views/default/view_requests_col.html: 0
[2014-09-28 13:39:32] EDIT Garbage_Truck/views/default/view_requests_col.html: 0
[2014-09-28 13:39:37] EDIT Garbage_Truck/views/default/view_requests_col.html: 0
[2014-09-28 13:41:02] EDIT Garbage_Truck/views/default/index.html: 3
[2014-09-28 13:41:10] EDIT Garbage_Truck/views/default/index.html: 0
